android/app/build/intermediates/manifest_merge_blame_file/debug/manifest-merger-blame-debug-report.txt
1<?xml version="1.0" encoding="utf-8"?>
2<manifest xmlns:android="http://schemas.android.com/apk/res/android"
3    package="com.awesomeproject"
4    android:versionCode="1"
5    android:versionName="1.0" >
6
7    <uses-sdk
8        android:minSdkVersion="21"
9        android:targetSdkVersion="29" />
10
11    <uses-permission android:name="android.permission.SYSTEM_ALERT_WINDOW" />
11-->src/debug/AndroidManifest.xml:5:5-77
11-->src/debug/AndroidManifest.xml:5:22-75
12    <uses-permission android:name="android.permission.INTERNET" />
12-->src/main/AndroidManifest.xml:4:5-67
12-->src/main/AndroidManifest.xml:4:22-64
13    <uses-permission android:name="android.permission.ACCESS_WIFI_STATE" />
13-->[com.facebook.flipper:flipper:0.75.1] AndroidManifest.xml:16:5-76
13-->[com.facebook.flipper:flipper:0.75.1] AndroidManifest.xml:16:22-73
14
15    <queries>
15-->[:react-native-image-crop-picker] AndroidManifest.xml:10:5-14:15
16        <intent>
16-->[:react-native-image-crop-picker] AndroidManifest.xml:11:9-13:18
17            <action android:name="android.media.action.IMAGE_CAPTURE" />
17-->[:react-native-image-crop-picker] AndroidManifest.xml:12:13-73
17-->[:react-native-image-crop-picker] AndroidManifest.xml:12:21-70
18        </intent>
19    </queries>
20
21    <uses-permission android:name="android.permission.WRITE_EXTERNAL_STORAGE" />
21-->[:react-native-image-crop-picker] AndroidManifest.xml:16:5-81
21-->[:react-native-image-crop-picker] AndroidManifest.xml:16:22-78
22
23    <application
23-->src/main/AndroidManifest.xml:6:5-24:19
24        android:name="com.awesomeproject.MainApplication"
24-->src/main/AndroidManifest.xml:7:7-38
25        android:allowBackup="false"
25-->src/main/AndroidManifest.xml:11:7-34
26        android:appComponentFactory="androidx.core.app.CoreComponentFactory"
26-->[androidx.core:core:1.3.1] AndroidManifest.xml:24:18-86
27        android:debuggable="true"
28        android:icon="@mipmap/ic_launcher"
28-->src/main/AndroidManifest.xml:9:7-41
29        android:label="@string/app_name"
29-->src/main/AndroidManifest.xml:8:7-39
30        android:roundIcon="@mipmap/ic_launcher_round"
30-->src/main/AndroidManifest.xml:10:7-52
31        android:theme="@style/AppTheme"
31-->src/main/AndroidManifest.xml:12:7-38
32        android:usesCleartextTraffic="true" >
32-->src/debug/AndroidManifest.xml:8:9-44
33        <activity android:name="com.facebook.react.devsupport.DevSettingsActivity" />
33-->src/debug/AndroidManifest.xml:11:9-86
33-->src/debug/AndroidManifest.xml:11:19-83
34        <activity
34-->src/main/AndroidManifest.xml:13:7-23:18
35            android:name="com.awesomeproject.MainActivity"
35-->src/main/AndroidManifest.xml:14:9-37
36            android:configChanges="keyboard|keyboardHidden|orientation|screenSize|uiMode"
36-->src/main/AndroidManifest.xml:16:9-86
37            android:label="@string/app_name"
37-->src/main/AndroidManifest.xml:15:9-41
38            android:launchMode="singleTask"
38-->src/main/AndroidManifest.xml:17:9-40
39            android:windowSoftInputMode="adjustResize" >
39-->src/main/AndroidManifest.xml:18:9-51
40            <intent-filter>
40-->src/main/AndroidManifest.xml:19:9-22:25
41                <action android:name="android.intent.action.MAIN" />
41-->src/main/AndroidManifest.xml:20:13-65
41-->src/main/AndroidManifest.xml:20:21-62
42
43                <category android:name="android.intent.category.LAUNCHER" />
43-->src/main/AndroidManifest.xml:21:13-73
43-->src/main/AndroidManifest.xml:21:23-70
44            </intent-filter>
45        </activity>
46
47        <provider
47-->[:react-native-image-crop-picker] AndroidManifest.xml:19:9-27:20
48            android:name="androidx.core.content.FileProvider"
48-->[:react-native-image-crop-picker] AndroidManifest.xml:20:13-62
49            android:authorities="com.awesomeproject.provider"
49-->[:react-native-image-crop-picker] AndroidManifest.xml:21:13-60
50            android:exported="false"
50-->[:react-native-image-crop-picker] AndroidManifest.xml:22:13-37
51            android:grantUriPermissions="true" >
51-->[:react-native-image-crop-picker] AndroidManifest.xml:23:13-47
52            <meta-data
52-->[:react-native-image-crop-picker] AndroidManifest.xml:24:13-26:58
53                android:name="android.support.FILE_PROVIDER_PATHS"
53-->[:react-native-image-crop-picker] AndroidManifest.xml:25:17-67
54                android:resource="@xml/provider_paths" />
54-->[:react-native-image-crop-picker] AndroidManifest.xml:26:17-55
55        </provider>
56
57        <activity
57-->[:react-native-image-crop-picker] AndroidManifest.xml:29:9-31:72
58            android:name="com.yalantis.ucrop.UCropActivity"
58-->[:react-native-image-crop-picker] AndroidManifest.xml:30:13-60
59            android:theme="@style/Theme.AppCompat.Light.NoActionBar" />
59-->[:react-native-image-crop-picker] AndroidManifest.xml:31:13-69
60
61        <provider
61-->[:react-native-image-picker] AndroidManifest.xml:12:9-20:20
62            android:name="com.imagepicker.ImagePickerProvider"
62-->[:react-native-image-picker] AndroidManifest.xml:13:13-63
63            android:authorities="com.awesomeproject.imagepickerprovider"
63-->[:react-native-image-picker] AndroidManifest.xml:14:13-71
64            android:exported="false"
64-->[:react-native-image-picker] AndroidManifest.xml:15:13-37
65            android:grantUriPermissions="true" >
65-->[:react-native-image-picker] AndroidManifest.xml:16:13-47
66            <meta-data
66-->[:react-native-image-crop-picker] AndroidManifest.xml:24:13-26:58
67                android:name="android.support.FILE_PROVIDER_PATHS"
67-->[:react-native-image-crop-picker] AndroidManifest.xml:25:17-67
68                android:resource="@xml/imagepicker_provider_paths" />
68-->[:react-native-image-crop-picker] AndroidManifest.xml:26:17-55
69        </provider>
70    </application>
71
72</manifest>